Using pre-set license
Built from '2021.3/staging' branch; Version is '2021.3.26f1 (a16dc32e0ff2) revision 10579395'; Using compiler version '192829333'; Build Type 'Release'
OS: 'Windows 10  (10.0.19045) 64bit Enterprise' Language: 'en' Physical Memory: 65224 MB
BatchMode: 1, IsHumanControllingUs: 0, StartBugReporterOnCrash: 0, Is64bit: 1, IsPro: 1

COMMAND LINE ARGUMENTS:
C:\Program Files\Unity\Hub\Editor\2021.3.26f1\Editor\Unity.exe
-adb2
-batchMode
-noUpm
-name
AssetImportWorker0
-projectPath
C:/Users/acapela/Documents/Algos
-logFile
Logs/AssetImportWorker0.log
-srvPort
57715
Successfully changed project path to: C:/Users/acapela/Documents/Algos
C:/Users/acapela/Documents/Algos
[UnityMemory] Configuration Parameters - Can be set up in boot.config
    "memorysetup-bucket-allocator-granularity=16"
    "memorysetup-bucket-allocator-bucket-count=8"
    "memorysetup-bucket-allocator-block-size=33554432"
    "memorysetup-bucket-allocator-block-count=8"
    "memorysetup-main-allocator-block-size=16777216"
    "memorysetup-thread-allocator-block-size=16777216"
    "memorysetup-gfx-main-allocator-block-size=16777216"
    "memorysetup-gfx-thread-allocator-block-size=16777216"
    "memorysetup-cache-allocator-block-size=4194304"
    "memorysetup-typetree-allocator-block-size=2097152"
    "memorysetup-profiler-bucket-allocator-granularity=16"
    "memorysetup-profiler-bucket-allocator-bucket-count=8"
    "memorysetup-profiler-bucket-allocator-block-size=33554432"
    "memorysetup-profiler-bucket-allocator-block-count=8"
    "memorysetup-profiler-allocator-block-size=16777216"
    "memorysetup-profiler-editor-allocator-block-size=1048576"
    "memorysetup-temp-allocator-size-main=16777216"
    "memorysetup-job-temp-allocator-block-size=2097152"
    "memorysetup-job-temp-allocator-block-size-background=1048576"
    "memorysetup-job-temp-allocator-reduction-small-platforms=262144"
    "memorysetup-temp-allocator-size-background-worker=32768"
    "memorysetup-temp-allocator-size-job-worker=262144"
    "memorysetup-temp-allocator-size-preload-manager=33554432"
    "memorysetup-temp-allocator-size-nav-mesh-worker=65536"
    "memorysetup-temp-allocator-size-audio-worker=65536"
    "memorysetup-temp-allocator-size-cloud-worker=32768"
    "memorysetup-temp-allocator-size-gi-baking-worker=262144"
    "memorysetup-temp-allocator-size-gfx=262144"
Player connection [7568] Host "[IP] 172.27.15.167 [Port] 0 [Flags] 2 [Guid] 2038733798 [EditorId] 2038733798 [Version] 1048832 [Id] WindowsEditor(7,NS00J002011DE01) [Debug] 1 [PackageName] WindowsEditor [ProjectName] Editor" joined multi-casting on [225.0.0.222:54997]...

Player connection [7568] Host "[IP] 172.27.15.167 [Port] 0 [Flags] 2 [Guid] 2038733798 [EditorId] 2038733798 [Version] 1048832 [Id] WindowsEditor(7,NS00J002011DE01) [Debug] 1 [PackageName] WindowsEditor [ProjectName] Editor" joined alternative multi-casting on [225.0.0.222:34997]...

Refreshing native plugins compatible for Editor in 64.57 ms, found 3 plugins.
Preloading 0 native plugins for Editor in 0.00 ms.
Initialize engine version: 2021.3.26f1 (a16dc32e0ff2)
[Subsystems] Discovering subsystems at path C:/Program Files/Unity/Hub/Editor/2021.3.26f1/Editor/Data/Resources/UnitySubsystems
[Subsystems] Discovering subsystems at path C:/Users/acapela/Documents/Algos/Assets
GfxDevice: creating device client; threaded=0; jobified=0
Direct3D:
    Version:  Direct3D 11.0 [level 11.1]
    Renderer: NVIDIA GeForce RTX 3090 (ID=0x2204)
    Vendor:   NVIDIA
    VRAM:     24340 MB
    Driver:   31.0.15.3161
Initialize mono
Mono path[0] = 'C:/Program Files/Unity/Hub/Editor/2021.3.26f1/Editor/Data/Managed'
Mono path[1] = 'C:/Program Files/Unity/Hub/Editor/2021.3.26f1/Editor/Data/MonoBleedingEdge/lib/mono/unityjit-win32'
Mono config path = 'C:/Program Files/Unity/Hub/Editor/2021.3.26f1/Editor/Data/MonoBleedingEdge/etc'
Using monoOptions --debugger-agent=transport=dt_socket,embedding=1,server=y,suspend=n,address=127.0.0.1:56256
Begin MonoManager ReloadAssembly
Registering precompiled unity dll's ...
Register platform support module: C:/Program Files/Unity/Hub/Editor/2021.3.26f1/Editor/Data/PlaybackEngines/AndroidPlayer/UnityEditor.Android.Extensions.dll
Register platform support module: C:/Program Files/Unity/Hub/Editor/2021.3.26f1/Editor/Data/PlaybackEngines/WindowsStandaloneSupport/UnityEditor.WindowsStandalone.Extensions.dll
Registered in 0.006029 seconds.
Native extension for WindowsStandalone target not found
Native extension for Android target not found
Android Extension - Scanning For ADB Devices 265 ms
Refreshing native plugins compatible for Editor in 62.04 ms, found 3 plugins.
Preloading 0 native plugins for Editor in 0.00 ms.
Mono: successfully reloaded assembly
- Completed reload, in  0.982 seconds
Domain Reload Profiling:
	ReloadAssembly (982ms)
		BeginReloadAssembly (64ms)
			ExecutionOrderSort (0ms)
			DisableScriptedObjects (0ms)
			BackupInstance (0ms)
			ReleaseScriptingObjects (0ms)
			CreateAndSetChildDomain (0ms)
		EndReloadAssembly (812ms)
			LoadAssemblies (64ms)
			RebuildTransferFunctionScriptingTraits (0ms)
			SetupTypeCache (112ms)
			ReleaseScriptCaches (0ms)
			RebuildScriptCaches (35ms)
			SetupLoadedEditorAssemblies (599ms)
				LogAssemblyErrors (0ms)
				InitializePlatformSupportModulesInManaged (387ms)
				SetLoadedEditorAssemblies (0ms)
				RefreshPlugins (62ms)
				BeforeProcessingInitializeOnLoad (2ms)
				ProcessInitializeOnLoadAttributes (98ms)
				ProcessInitializeOnLoadMethodAttributes (49ms)
				AfterProcessingInitializeOnLoad (0ms)
				EditorAssembliesLoaded (0ms)
			ExecutionOrderSort2 (0ms)
			AwakeInstancesAfterBackupRestoration (0ms)
Platform modules already initialized, skipping
Registering precompiled user dll's ...
Registered in 0.004783 seconds.
Begin MonoManager ReloadAssembly
Symbol file LoadedFromMemory doesn't match image C:\Users\acapela\Documents\Algos\Library\PackageCache\com.unity.visualscripting@1.8.0\Editor\VisualScripting.Core\Dependencies\YamlDotNet\Unity.VisualScripting.YamlDotNet.dll
Symbol file LoadedFromMemory doesn't match image C:\Users\acapela\Documents\Algos\Library\PackageCache\com.unity.visualscripting@1.8.0\Editor\VisualScripting.Core\Dependencies\DotNetZip\Unity.VisualScripting.IonicZip.dll
Native extension for WindowsStandalone target not found
Native extension for Android target not found
Refreshing native plugins compatible for Editor in 0.48 ms, found 3 plugins.
Preloading 0 native plugins for Editor in 0.00 ms.
Mono: successfully reloaded assembly
- Completed reload, in  1.033 seconds
Domain Reload Profiling:
	ReloadAssembly (1034ms)
		BeginReloadAssembly (117ms)
			ExecutionOrderSort (0ms)
			DisableScriptedObjects (6ms)
			BackupInstance (0ms)
			ReleaseScriptingObjects (0ms)
			CreateAndSetChildDomain (18ms)
		EndReloadAssembly (811ms)
			LoadAssemblies (91ms)
			RebuildTransferFunctionScriptingTraits (0ms)
			SetupTypeCache (255ms)
			ReleaseScriptCaches (0ms)
			RebuildScriptCaches (54ms)
			SetupLoadedEditorAssemblies (354ms)
				LogAssemblyErrors (0ms)
				InitializePlatformSupportModulesInManaged (25ms)
				SetLoadedEditorAssemblies (1ms)
				RefreshPlugins (1ms)
				BeforeProcessingInitializeOnLoad (75ms)
				ProcessInitializeOnLoadAttributes (222ms)
				ProcessInitializeOnLoadMethodAttributes (22ms)
				AfterProcessingInitializeOnLoad (8ms)
				EditorAssembliesLoaded (0ms)
			ExecutionOrderSort2 (0ms)
			AwakeInstancesAfterBackupRestoration (6ms)
Platform modules already initialized, skipping
========================================================================
Worker process is ready to serve import requests
Launched and connected shader compiler UnityShaderCompiler.exe after 0.04 seconds
Refreshing native plugins compatible for Editor in 0.33 ms, found 3 plugins.
Preloading 0 native plugins for Editor in 0.00 ms.
Unloading 3054 Unused Serialized files (Serialized files now loaded: 0)
Unloading 22 unused Assets / (284.5 KB). Loaded Objects now: 3519.
Memory consumption went from 112.6 MB to 112.3 MB.
Total: 2.117400 ms (FindLiveObjects: 0.184200 ms CreateObjectMapping: 0.064000 ms MarkObjects: 1.812800 ms  DeleteObjects: 0.055300 ms)

AssetImportParameters requested are different than current active one (requested -> active):
  custom:video-decoder-ogg-theora: a1e56fd34408186e4bbccfd4996cb3dc -> 
  custom:container-muxer-webm: aa71ff27fc2769a1b78a27578f13a17b -> 
  custom:container-demuxer-webm: 4f35f7cbe854078d1ac9338744f61a02 -> 
  custom:video-encoder-webm-vp8: eb34c28f22e8b96e1ab97ce403110664 -> 
  custom:audio-encoder-webm-vorbis: bf7c407c2cedff20999df2af8eb42d56 -> 
  custom:framework-win-MediaFoundation: 216162199b28c13a410421893ffa2e32 -> 
  custom:container-demuxer-ogg: 62fdf1f143b41e24485cea50d1cbac27 -> 
  custom:video-decoder-webm-vp8: 9c59270c3fd7afecdb556c50c9e8de78 -> 
  custom:audio-decoder-ogg-vorbis: bf7c407c2cedff20999df2af8eb42d56 -> 
========================================================================
Received Import Request.
  Time since last request: 256.451669 seconds.
  path: Assets/MyFirstUnlit.shader
  artifactKey: Guid(d91998bec59603341873ba27520fd1d5) Importer(815301076,1909f56bfc062723c751e8b465ee728b)
Start importing Assets/MyFirstUnlit.shader using Guid(d91998bec59603341873ba27520fd1d5) Importer(815301076,1909f56bfc062723c751e8b465ee728b)  -> (artifact id: '546f89f60889f4cf3d1dffb46fc0ed0b') in 0.061809 seconds 
========================================================================
Received Import Request.
  Time since last request: 152.784219 seconds.
  path: Assets/MyFirstUnlit.shader
  artifactKey: Guid(d91998bec59603341873ba27520fd1d5) Importer(815301076,1909f56bfc062723c751e8b465ee728b)
Start importing Assets/MyFirstUnlit.shader using Guid(d91998bec59603341873ba27520fd1d5) Importer(815301076,1909f56bfc062723c751e8b465ee728b)  -> (artifact id: '1a9edcfdb28a548340f207a843f7b82d') in 0.009398 seconds 
========================================================================
Received Import Request.
  Time since last request: 823.619282 seconds.
  path: Assets/MyFirstUnlit.shader
  artifactKey: Guid(d91998bec59603341873ba27520fd1d5) Importer(815301076,1909f56bfc062723c751e8b465ee728b)
Start importing Assets/MyFirstUnlit.shader using Guid(d91998bec59603341873ba27520fd1d5) Importer(815301076,1909f56bfc062723c751e8b465ee728b)  -> (artifact id: '9addd772201d7afad98e91a48fd0b941') in 0.008861 seconds 
========================================================================
Received Import Request.
  Time since last request: 4.504415 seconds.
  path: Assets/Unlit_MyFirstUnlit.mat
  artifactKey: Guid(b8658dffd79de544fa8459cd885a6e42) Importer(815301076,1909f56bfc062723c751e8b465ee728b)
Start importing Assets/Unlit_MyFirstUnlit.mat using Guid(b8658dffd79de544fa8459cd885a6e42) Importer(815301076,1909f56bfc062723c751e8b465ee728b)  -> (artifact id: '6629a7301896ae7783769db5f8e6d019') in 0.093784 seconds 
========================================================================
Received Import Request.
  Time since last request: 83.382309 seconds.
  path: Assets/Unlit_MyFirstUnlit.mat
  artifactKey: Guid(b8658dffd79de544fa8459cd885a6e42) Importer(815301076,1909f56bfc062723c751e8b465ee728b)
Start importing Assets/Unlit_MyFirstUnlit.mat using Guid(b8658dffd79de544fa8459cd885a6e42) Importer(815301076,1909f56bfc062723c751e8b465ee728b)  -> (artifact id: 'c4d38727f6c7f203fd9fa131a0c5162b') in 0.038220 seconds 
========================================================================
Received Import Request.
  Time since last request: 22.917001 seconds.
  path: Assets/Unlit_MyFirstUnlit.mat
  artifactKey: Guid(b8658dffd79de544fa8459cd885a6e42) Importer(815301076,1909f56bfc062723c751e8b465ee728b)
Start importing Assets/Unlit_MyFirstUnlit.mat using Guid(b8658dffd79de544fa8459cd885a6e42) Importer(815301076,1909f56bfc062723c751e8b465ee728b)  -> (artifact id: '764f8a46cc1130c636ff308d89fd17d7') in 0.063541 seconds 
========================================================================
Received Import Request.
  Time since last request: 123.342801 seconds.
  path: Assets/Unlit_MyFirstUnlit.mat
  artifactKey: Guid(b8658dffd79de544fa8459cd885a6e42) Importer(815301076,1909f56bfc062723c751e8b465ee728b)
Start importing Assets/Unlit_MyFirstUnlit.mat using Guid(b8658dffd79de544fa8459cd885a6e42) Importer(815301076,1909f56bfc062723c751e8b465ee728b)  -> (artifact id: 'c425b8d12cb55010798cbb6b1ceb895c') in 0.061581 seconds 
========================================================================
Received Import Request.
  Time since last request: 53.589115 seconds.
  path: Assets/Unlit_MyFirstUnlit.mat
  artifactKey: Guid(b8658dffd79de544fa8459cd885a6e42) Importer(815301076,1909f56bfc062723c751e8b465ee728b)
Start importing Assets/Unlit_MyFirstUnlit.mat using Guid(b8658dffd79de544fa8459cd885a6e42) Importer(815301076,1909f56bfc062723c751e8b465ee728b)  -> (artifact id: 'eb520e21483229b628467dd4d5dbcc32') in 0.040061 seconds 
========================================================================
Received Import Request.
  Time since last request: 223.913385 seconds.
  path: Assets/Unlit_MyFirstUnlit.mat
  artifactKey: Guid(b8658dffd79de544fa8459cd885a6e42) Importer(815301076,1909f56bfc062723c751e8b465ee728b)
Start importing Assets/Unlit_MyFirstUnlit.mat using Guid(b8658dffd79de544fa8459cd885a6e42) Importer(815301076,1909f56bfc062723c751e8b465ee728b)  -> (artifact id: '71bf63766a2f897cfffc80c6676138af') in 0.083156 seconds 
========================================================================
Received Import Request.
  Time since last request: 149.108609 seconds.
  path: Assets/Unlit_MyFirstUnlit.mat
  artifactKey: Guid(b8658dffd79de544fa8459cd885a6e42) Importer(815301076,1909f56bfc062723c751e8b465ee728b)
Start importing Assets/Unlit_MyFirstUnlit.mat using Guid(b8658dffd79de544fa8459cd885a6e42) Importer(815301076,1909f56bfc062723c751e8b465ee728b)  -> (artifact id: '71bf323c9d544da744a16d3694695558') in 0.026992 seconds 
========================================================================
Received Import Request.
  Time since last request: 8.270205 seconds.
  path: Assets/Unlit_MyFirstUnlit.mat
  artifactKey: Guid(b8658dffd79de544fa8459cd885a6e42) Importer(815301076,1909f56bfc062723c751e8b465ee728b)
Start importing Assets/Unlit_MyFirstUnlit.mat using Guid(b8658dffd79de544fa8459cd885a6e42) Importer(815301076,1909f56bfc062723c751e8b465ee728b)  -> (artifact id: '8e4aac80b1a5c6d3406a042cbc76e789') in 0.027122 seconds 
========================================================================
Received Import Request.
  Time since last request: 48.278605 seconds.
  path: Assets/Unlit_MyFirstUnlit.mat
  artifactKey: Guid(b8658dffd79de544fa8459cd885a6e42) Importer(815301076,1909f56bfc062723c751e8b465ee728b)
Start importing Assets/Unlit_MyFirstUnlit.mat using Guid(b8658dffd79de544fa8459cd885a6e42) Importer(815301076,1909f56bfc062723c751e8b465ee728b)  -> (artifact id: '357c02fc376ab0665323acfafbca92ba') in 0.026452 seconds 
========================================================================
Received Import Request.
  Time since last request: 8.570735 seconds.
  path: Assets/Unlit_MyFirstUnlit.mat
  artifactKey: Guid(b8658dffd79de544fa8459cd885a6e42) Importer(815301076,1909f56bfc062723c751e8b465ee728b)
Start importing Assets/Unlit_MyFirstUnlit.mat using Guid(b8658dffd79de544fa8459cd885a6e42) Importer(815301076,1909f56bfc062723c751e8b465ee728b)  -> (artifact id: '09fafef8a7a5f3d0f1b425bbe662695c') in 0.024955 seconds 
========================================================================
Received Import Request.
  Time since last request: 45.214892 seconds.
  path: Assets/Unlit_MyFirstUnlit.mat
  artifactKey: Guid(b8658dffd79de544fa8459cd885a6e42) Importer(815301076,1909f56bfc062723c751e8b465ee728b)
Start importing Assets/Unlit_MyFirstUnlit.mat using Guid(b8658dffd79de544fa8459cd885a6e42) Importer(815301076,1909f56bfc062723c751e8b465ee728b)  -> (artifact id: 'f03a013a343ca123b99c7ff0ce0a2ce1') in 0.042342 seconds 
========================================================================
Received Import Request.
  Time since last request: 146.748895 seconds.
  path: Assets/Unlit_MyFirstUnlit.mat
  artifactKey: Guid(b8658dffd79de544fa8459cd885a6e42) Importer(815301076,1909f56bfc062723c751e8b465ee728b)
Start importing Assets/Unlit_MyFirstUnlit.mat using Guid(b8658dffd79de544fa8459cd885a6e42) Importer(815301076,1909f56bfc062723c751e8b465ee728b)  -> (artifact id: 'e7f67f4e703d932d750cb08d591943aa') in 0.050163 seconds 
========================================================================
Received Import Request.
  Time since last request: 350.635778 seconds.
  path: Assets/Unlit_MyFirstUnlit.mat
  artifactKey: Guid(b8658dffd79de544fa8459cd885a6e42) Importer(815301076,1909f56bfc062723c751e8b465ee728b)
Start importing Assets/Unlit_MyFirstUnlit.mat using Guid(b8658dffd79de544fa8459cd885a6e42) Importer(815301076,1909f56bfc062723c751e8b465ee728b)  -> (artifact id: '73f701315115092eebd911d396b41b08') in 0.032969 seconds 
========================================================================
Received Import Request.
  Time since last request: 23.850287 seconds.
  path: Assets/Unlit_MyFirstUnlit.mat
  artifactKey: Guid(b8658dffd79de544fa8459cd885a6e42) Importer(815301076,1909f56bfc062723c751e8b465ee728b)
Start importing Assets/Unlit_MyFirstUnlit.mat using Guid(b8658dffd79de544fa8459cd885a6e42) Importer(815301076,1909f56bfc062723c751e8b465ee728b)  -> (artifact id: '3c5dba900be14a1bb7f688a4878ea2f6') in 0.053850 seconds 
========================================================================
Received Import Request.
  Time since last request: 190.573609 seconds.
  path: Assets/Unlit_MyFirstUnlit.mat
  artifactKey: Guid(b8658dffd79de544fa8459cd885a6e42) Importer(815301076,1909f56bfc062723c751e8b465ee728b)
Start importing Assets/Unlit_MyFirstUnlit.mat using Guid(b8658dffd79de544fa8459cd885a6e42) Importer(815301076,1909f56bfc062723c751e8b465ee728b)  -> (artifact id: '63a9dc71a33c95389c6be5b4f0bdbfd1') in 0.034719 seconds 
========================================================================
Received Import Request.
  Time since last request: 147.921945 seconds.
  path: Assets/Unlit_MyFirstUnlit.mat
  artifactKey: Guid(b8658dffd79de544fa8459cd885a6e42) Importer(815301076,1909f56bfc062723c751e8b465ee728b)
Start importing Assets/Unlit_MyFirstUnlit.mat using Guid(b8658dffd79de544fa8459cd885a6e42) Importer(815301076,1909f56bfc062723c751e8b465ee728b)  -> (artifact id: 'd1724e43d12bd11ef40168a8f97de212') in 0.027018 seconds 
========================================================================
Received Import Request.
  Time since last request: 359.606161 seconds.
  path: Assets/Unlit_MyFirstUnlit.mat
  artifactKey: Guid(b8658dffd79de544fa8459cd885a6e42) Importer(815301076,1909f56bfc062723c751e8b465ee728b)
Start importing Assets/Unlit_MyFirstUnlit.mat using Guid(b8658dffd79de544fa8459cd885a6e42) Importer(815301076,1909f56bfc062723c751e8b465ee728b)  -> (artifact id: '6a14253565b8a5a1596dad581634bae2') in 0.055373 seconds 
========================================================================
Received Import Request.
  Time since last request: 291.040362 seconds.
  path: Assets/Unlit_MyFirstUnlit.mat
  artifactKey: Guid(b8658dffd79de544fa8459cd885a6e42) Importer(815301076,1909f56bfc062723c751e8b465ee728b)
Start importing Assets/Unlit_MyFirstUnlit.mat using Guid(b8658dffd79de544fa8459cd885a6e42) Importer(815301076,1909f56bfc062723c751e8b465ee728b)  -> (artifact id: '17f2aa972e40a8ad7e8d0d74df3307ca') in 0.030439 seconds 
========================================================================
Received Import Request.
  Time since last request: 185.795463 seconds.
  path: Assets/Unlit_MyFirstUnlit.mat
  artifactKey: Guid(b8658dffd79de544fa8459cd885a6e42) Importer(815301076,1909f56bfc062723c751e8b465ee728b)
Start importing Assets/Unlit_MyFirstUnlit.mat using Guid(b8658dffd79de544fa8459cd885a6e42) Importer(815301076,1909f56bfc062723c751e8b465ee728b) Shader error in 'Unlit/MyFirstUnlit': 'mul': no matching 0 parameter intrinsic function; Possible intrinsic functions are: mul(float|half|double|min10float|min16float|int|uint|min12int|min16int|min16uint, float|half|double|min10float|min16float|int|uint|min12int|min16int|min16uint) mul(float|half|double|min10float|min16float|int|uint|min12int|min16int|min16uint, floatK|halfK|doubleK|min10floatK|min16floatK|intK|uintK|min12intK|min16intK|min16uintK) mul(float|half|double|min10float|min16float|int|uint|min12int|min16int|min16uint, floatLxK|halfLxK|doubleLxK|min10floatLxK|min16floatLxK|intLxK|uintLxK|min12intLxK|min16intLxK|min16uintLxK) mul(floatM|halfM|doubleM|min10floatM|min16floatM|intM|uintM|min12intM|min16intM|min16uintM, float|half|double|min10float|min16float|int|uint|min12int|min16int|min16uint) mul(floatM|halfM|doubleM|min10floatM|min16floatM|intM|uintM|min12intM|min16intM|min16uintM, floatM|halfM|doubleM|min10floatM|min16floatM|intM|uintM|min12intM|min16intM|min16uintM) mul(floatM|halfM|doubleM|min10floatM|min16floatM|intM|uintM|min12intM|min16intM|min16uintM, floatMxK|halfMxK|doubleMxK|min10floatMxK|min16floatMxK|intMxK|uintMxK|min12intMxK|min16intMxK|min16uintMxK) mul(floatNxM|halfNxM|doubleNxM|min10floatNxM|min16floatNxM|intNxM|uintNxM|min12intNxM|min16intNxM|min16uintNxM, float|half|double|min10float|min16float|int|uint|min12int|min16int|min16uint) mul(floatNxM|halfNxM|doubleNxM|min10floatNxM|min16floatNxM|intNxM|uintNxM|min12intNxM|min16intNxM|min16uintNxM, floatM|halfM|doubleM|min10floatM|min16floatM|intM|uintM|min12intM|min16intM|min16uintM) mul(floatNxM|halfNxM|doubleNxM|min10floatNxM|min16floatNxM|intNxM|uintNxM|min12intNxM|min16intNxM|min16uintNxM, floatMxK|halfMxK|doubleMxK|min10floatMxK|min16floatMxK|intMxK|uintMxK|min12intMxK|min16intMxK|min16uintMxK) at line 42 (on d3d11)

Compiling Subshader: 0, Pass: <Unnamed Pass 0>, Vertex program with <no keywords>
Platform defines: SHADER_API_DESKTOP UNITY_ENABLE_DETAIL_NORMALMAP UNITY_ENABLE_REFLECTION_BUFFERS UNITY_LIGHTMAP_FULL_HDR UNITY_LIGHT_PROBE_PROXY_VOLUME UNITY_PBS_USE_BRDF1 UNITY_SPECCUBE_BLENDING UNITY_SPECCUBE_BOX_PROJECTION UNITY_USE_DITHER_MASK_FOR_ALPHABLENDED_SHADOWS
Disabled keywords: SHADER_API_GLES30 UNITY_ASTC_NORMALMAP_ENCODING UNITY_COLORSPACE_GAMMA UNITY_ENABLE_NATIVE_SHADOW_LOOKUPS UNITY_FRAMEBUFFER_FETCH_AVAILABLE UNITY_HALF_PRECISION_FRAGMENT_SHADER_REGISTERS UNITY_HARDWARE_TIER1 UNITY_HARDWARE_TIER2 UNITY_HARDWARE_TIER3 UNITY_LIGHTMAP_DLDR_ENCODING UNITY_LIGHTMAP_RGBM_ENCODING UNITY_METAL_SHADOWS_USE_POINT_FILTERING UNITY_NO_DXT5nm UNITY_NO_FULL_STANDARD_SHADER UNITY_NO_SCREENSPACE_SHADOWS UNITY_PBS_USE_BRDF2 UNITY_PBS_USE_BRDF3 UNITY_PRETRANSFORM_TO_DISPLAY_ORIENTATION UNITY_UNIFIED_SHADER_PRECISION_MODEL UNITY_VIRTUAL_TEXTURING
Shader error in 'Unlit/MyFirstUnlit': 'mul': no matching 0 parameter intrinsic function; Possible intrinsic functions are: mul(float|half|double|min10float|min16float|int|uint|min12int|min16int|min16uint, float|half|double|min10float|min16float|int|uint|min12int|min16int|min16uint) mul(float|half|double|min10float|min16float|int|uint|min12int|min16int|min16uint, floatK|halfK|doubleK|min10floatK|min16floatK|intK|uintK|min12intK|min16intK|min16uintK) mul(float|half|double|min10float|min16float|int|uint|min12int|min16int|min16uint, floatLxK|halfLxK|doubleLxK|min10floatLxK|min16floatLxK|intLxK|uintLxK|min12intLxK|min16intLxK|min16uintLxK) mul(floatM|halfM|doubleM|min10floatM|min16floatM|intM|uintM|min12intM|min16intM|min16uintM, float|half|double|min10float|min16float|int|uint|min12int|min16int|min16uint) mul(floatM|halfM|doubleM|min10floatM|min16floatM|intM|uintM|min12intM|min16intM|min16uintM, floatM|halfM|doubleM|min10floatM|min16floatM|intM|uintM|min12intM|min16intM|min16uintM) mul(floatM|halfM|doubleM|min10floatM|min16floatM|intM|uintM|min12intM|min16intM|min16uintM, floatMxK|halfMxK|doubleMxK|min10floatMxK|min16floatMxK|intMxK|uintMxK|min12intMxK|min16intMxK|min16uintMxK) mul(floatNxM|halfNxM|doubleNxM|min10floatNxM|min16floatNxM|intNxM|uintNxM|min12intNxM|min16intNxM|min16uintNxM, float|half|double|min10float|min16float|int|uint|min12int|min16int|min16uint) mul(floatNxM|halfNxM|doubleNxM|min10floatNxM|min16floatNxM|intNxM|uintNxM|min12intNxM|min16intNxM|min16uintNxM, floatM|halfM|doubleM|min10floatM|min16floatM|intM|uintM|min12intM|min16intM|min16uintM) mul(floatNxM|halfNxM|doubleNxM|min10floatNxM|min16floatNxM|intNxM|uintNxM|min12intNxM|min16intNxM|min16uintNxM, floatMxK|halfMxK|doubleMxK|min10floatMxK|min16floatMxK|intMxK|uintMxK|min12intMxK|min16intMxK|min16uintMxK) at line 42 (on d3d11)

Compiling Subshader: 0, Pass: <Unnamed Pass 0>, Vertex program with <no keywords>
Platform defines: SHADER_API_DESKTOP UNITY_ENABLE_DETAIL_NORMALMAP UNITY_ENABLE_REFLECTION_BUFFERS UNITY_LIGHTMAP_FULL_HDR UNITY_LIGHT_PROBE_PROXY_VOLUME UNITY_PBS_USE_BRDF1 UNITY_SPECCUBE_BLENDING UNITY_SPECCUBE_BOX_PROJECTION UNITY_USE_DITHER_MASK_FOR_ALPHABLENDED_SHADOWS
Disabled keywords: SHADER_API_GLES30 UNITY_ASTC_NORMALMAP_ENCODING UNITY_COLORSPACE_GAMMA UNITY_ENABLE_NATIVE_SHADOW_LOOKUPS UNITY_FRAMEBUFFER_FETCH_AVAILABLE UNITY_HALF_PRECISION_FRAGMENT_SHADER_REGISTERS UNITY_HARDWARE_TIER1 UNITY_HARDWARE_TIER2 UNITY_HARDWARE_TIER3 UNITY_LIGHTMAP_DLDR_ENCODING UNITY_LIGHTMAP_RGBM_ENCODING UNITY_METAL_SHADOWS_USE_POINT_FILTERING UNITY_NO_DXT5nm UNITY_NO_FULL_STANDARD_SHADER UNITY_NO_SCREENSPACE_SHADOWS UNITY_PBS_USE_BRDF2 UNITY_PBS_USE_BRDF3 UNITY_PRETRANSFORM_TO_DISPLAY_ORIENTATION UNITY_UNIFIED_SHADER_PRECISION_MODEL UNITY_VIRTUAL_TEXTURING
 -> (artifact id: '71dac4aaa360cad076b209f8b38db604') in 0.055965 seconds 
========================================================================
Received Import Request.
  Time since last request: 101.653655 seconds.
  path: Assets/Unlit_MyFirstUnlit.mat
  artifactKey: Guid(b8658dffd79de544fa8459cd885a6e42) Importer(815301076,1909f56bfc062723c751e8b465ee728b)
Start importing Assets/Unlit_MyFirstUnlit.mat using Guid(b8658dffd79de544fa8459cd885a6e42) Importer(815301076,1909f56bfc062723c751e8b465ee728b)  -> (artifact id: '75ef5a6924480a65f517f652d13deaf1') in 0.043428 seconds 
========================================================================
Received Import Request.
  Time since last request: 170.455335 seconds.
  path: Assets/Unlit_MyFirstUnlit.mat
  artifactKey: Guid(b8658dffd79de544fa8459cd885a6e42) Importer(815301076,1909f56bfc062723c751e8b465ee728b)
Start importing Assets/Unlit_MyFirstUnlit.mat using Guid(b8658dffd79de544fa8459cd885a6e42) Importer(815301076,1909f56bfc062723c751e8b465ee728b)  -> (artifact id: '02a1fa1a47d80afa85476a23bd383567') in 0.050299 seconds 
========================================================================
Received Import Request.
  Time since last request: 2026.773944 seconds.
  path: Assets/Unlit_MyFirstUnlit.mat
  artifactKey: Guid(b8658dffd79de544fa8459cd885a6e42) Importer(815301076,1909f56bfc062723c751e8b465ee728b)
Start importing Assets/Unlit_MyFirstUnlit.mat using Guid(b8658dffd79de544fa8459cd885a6e42) Importer(815301076,1909f56bfc062723c751e8b465ee728b)  -> (artifact id: 'afb05c97d0d39efc366ff1cfe32eacb8') in 0.086910 seconds 
========================================================================
Received Import Request.
  Time since last request: 157.873595 seconds.
  path: Assets/Unlit_MyFirstUnlit.mat
  artifactKey: Guid(b8658dffd79de544fa8459cd885a6e42) Importer(815301076,1909f56bfc062723c751e8b465ee728b)
Start importing Assets/Unlit_MyFirstUnlit.mat using Guid(b8658dffd79de544fa8459cd885a6e42) Importer(815301076,1909f56bfc062723c751e8b465ee728b)  -> (artifact id: '206955bafe1aa434c9294783dfa99924') in 0.033401 seconds 
========================================================================
Received Import Request.
  Time since last request: 32.634244 seconds.
  path: Assets/Unlit_MyFirstUnlit.mat
  artifactKey: Guid(b8658dffd79de544fa8459cd885a6e42) Importer(815301076,1909f56bfc062723c751e8b465ee728b)
Start importing Assets/Unlit_MyFirstUnlit.mat using Guid(b8658dffd79de544fa8459cd885a6e42) Importer(815301076,1909f56bfc062723c751e8b465ee728b)  -> (artifact id: '4803ffefcb3f641572cf7a11fe68c3ad') in 0.034771 seconds 
========================================================================
Received Import Request.
  Time since last request: 3.663080 seconds.
  path: Assets/Unlit_MyFirstUnlit.mat
  artifactKey: Guid(b8658dffd79de544fa8459cd885a6e42) Importer(815301076,1909f56bfc062723c751e8b465ee728b)
Start importing Assets/Unlit_MyFirstUnlit.mat using Guid(b8658dffd79de544fa8459cd885a6e42) Importer(815301076,1909f56bfc062723c751e8b465ee728b)  -> (artifact id: 'ea510d5efdf4be41d0430ffa97863c0e') in 0.027726 seconds 
========================================================================
Received Import Request.
  Time since last request: 334.945045 seconds.
  path: Assets/Unlit_MyFirstUnlit.mat
  artifactKey: Guid(b8658dffd79de544fa8459cd885a6e42) Importer(815301076,1909f56bfc062723c751e8b465ee728b)
Start importing Assets/Unlit_MyFirstUnlit.mat using Guid(b8658dffd79de544fa8459cd885a6e42) Importer(815301076,1909f56bfc062723c751e8b465ee728b)  -> (artifact id: '4eef01223517730d6a95f562ab383e9f') in 0.031385 seconds 
========================================================================
Received Import Request.
  Time since last request: 12.000013 seconds.
  path: Assets/Unlit_MyFirstUnlit.mat
  artifactKey: Guid(b8658dffd79de544fa8459cd885a6e42) Importer(815301076,1909f56bfc062723c751e8b465ee728b)
Start importing Assets/Unlit_MyFirstUnlit.mat using Guid(b8658dffd79de544fa8459cd885a6e42) Importer(815301076,1909f56bfc062723c751e8b465ee728b)  -> (artifact id: 'afb6413e838b079e1ca90a0ec7d5e966') in 0.030733 seconds 
========================================================================
Received Import Request.
  Time since last request: 44.882771 seconds.
  path: Assets/Unlit_MyFirstUnlit.mat
  artifactKey: Guid(b8658dffd79de544fa8459cd885a6e42) Importer(815301076,1909f56bfc062723c751e8b465ee728b)
Start importing Assets/Unlit_MyFirstUnlit.mat using Guid(b8658dffd79de544fa8459cd885a6e42) Importer(815301076,1909f56bfc062723c751e8b465ee728b)  -> (artifact id: '5b3ddfb57f73a4ed5c030ee1c50fd4f9') in 0.033428 seconds 
========================================================================
Received Import Request.
  Time since last request: 55.894258 seconds.
  path: Assets/Unlit_MyFirstUnlit.mat
  artifactKey: Guid(b8658dffd79de544fa8459cd885a6e42) Importer(815301076,1909f56bfc062723c751e8b465ee728b)
Start importing Assets/Unlit_MyFirstUnlit.mat using Guid(b8658dffd79de544fa8459cd885a6e42) Importer(815301076,1909f56bfc062723c751e8b465ee728b)  -> (artifact id: 'a4e591577d21ea983283bb4ee381222b') in 0.031637 seconds 
========================================================================
Received Import Request.
  Time since last request: 271.819750 seconds.
  path: Assets/Unlit_MyFirstUnlit.mat
  artifactKey: Guid(b8658dffd79de544fa8459cd885a6e42) Importer(815301076,1909f56bfc062723c751e8b465ee728b)
Start importing Assets/Unlit_MyFirstUnlit.mat using Guid(b8658dffd79de544fa8459cd885a6e42) Importer(815301076,1909f56bfc062723c751e8b465ee728b)  -> (artifact id: 'c22564d68ee6552e965ad36612ef7d6b') in 0.055789 seconds 
========================================================================
Received Import Request.
  Time since last request: 2198.505660 seconds.
  path: Assets/MyFirstUnlit.shader
  artifactKey: Guid(d91998bec59603341873ba27520fd1d5) Importer(815301076,1909f56bfc062723c751e8b465ee728b)
Start importing Assets/MyFirstUnlit.shader using Guid(d91998bec59603341873ba27520fd1d5) Importer(815301076,1909f56bfc062723c751e8b465ee728b)  -> (artifact id: '70a50d439f5f1cccaf4d9efae28b57ad') in 0.014203 seconds 
========================================================================
Received Import Request.
  Time since last request: 45.810319 seconds.
  path: Assets/MyFirstUnlit.shader
  artifactKey: Guid(d91998bec59603341873ba27520fd1d5) Importer(815301076,1909f56bfc062723c751e8b465ee728b)
Start importing Assets/MyFirstUnlit.shader using Guid(d91998bec59603341873ba27520fd1d5) Importer(815301076,1909f56bfc062723c751e8b465ee728b)  -> (artifact id: 'fe3a4d80d89126391e07a2d578dbe51f') in 0.003841 seconds 
========================================================================
Received Import Request.
  Time since last request: 44.096469 seconds.
  path: Assets/Unlit_MyFirstUnlit.mat
  artifactKey: Guid(b8658dffd79de544fa8459cd885a6e42) Importer(815301076,1909f56bfc062723c751e8b465ee728b)
Start importing Assets/Unlit_MyFirstUnlit.mat using Guid(b8658dffd79de544fa8459cd885a6e42) Importer(815301076,1909f56bfc062723c751e8b465ee728b)  -> (artifact id: 'd430dbee8070f8032eb969d53d2b6bbb') in 0.034543 seconds 
========================================================================
Received Import Request.
  Time since last request: 3.936257 seconds.
  path: Assets/MyFirstUnlit.shader
  artifactKey: Guid(d91998bec59603341873ba27520fd1d5) Importer(815301076,1909f56bfc062723c751e8b465ee728b)
Start importing Assets/MyFirstUnlit.shader using Guid(d91998bec59603341873ba27520fd1d5) Importer(815301076,1909f56bfc062723c751e8b465ee728b)  -> (artifact id: 'f53436f193955aa56bdb73b6beb08ef9') in 0.003478 seconds 
========================================================================
Received Import Request.
  Time since last request: 124.032773 seconds.
  path: Assets/MyFirstUnlit.shader
  artifactKey: Guid(d91998bec59603341873ba27520fd1d5) Importer(815301076,1909f56bfc062723c751e8b465ee728b)
Start importing Assets/MyFirstUnlit.shader using Guid(d91998bec59603341873ba27520fd1d5) Importer(815301076,1909f56bfc062723c751e8b465ee728b)  -> (artifact id: '2c2c1d72a48d7ef2fb16e30b946aa167') in 0.004403 seconds 
