Using pre-set license
Built from '2021.3/staging' branch; Version is '2021.3.26f1 (a16dc32e0ff2) revision 10579395'; Using compiler version '192829333'; Build Type 'Release'
OS: 'Windows 10  (10.0.19045) 64bit Enterprise' Language: 'en' Physical Memory: 65224 MB
BatchMode: 1, IsHumanControllingUs: 0, StartBugReporterOnCrash: 0, Is64bit: 1, IsPro: 1

COMMAND LINE ARGUMENTS:
C:\Program Files\Unity\Hub\Editor\2021.3.26f1\Editor\Unity.exe
-adb2
-batchMode
-noUpm
-name
AssetImportWorker6
-projectPath
C:/Users/acapela/Documents/GitHub/Algos
-logFile
Logs/AssetImportWorker6.log
-srvPort
54206
Successfully changed project path to: C:/Users/acapela/Documents/GitHub/Algos
C:/Users/acapela/Documents/GitHub/Algos
[UnityMemory] Configuration Parameters - Can be set up in boot.config
    "memorysetup-bucket-allocator-granularity=16"
    "memorysetup-bucket-allocator-bucket-count=8"
    "memorysetup-bucket-allocator-block-size=33554432"
    "memorysetup-bucket-allocator-block-count=8"
    "memorysetup-main-allocator-block-size=16777216"
    "memorysetup-thread-allocator-block-size=16777216"
    "memorysetup-gfx-main-allocator-block-size=16777216"
    "memorysetup-gfx-thread-allocator-block-size=16777216"
    "memorysetup-cache-allocator-block-size=4194304"
    "memorysetup-typetree-allocator-block-size=2097152"
    "memorysetup-profiler-bucket-allocator-granularity=16"
    "memorysetup-profiler-bucket-allocator-bucket-count=8"
    "memorysetup-profiler-bucket-allocator-block-size=33554432"
    "memorysetup-profiler-bucket-allocator-block-count=8"
    "memorysetup-profiler-allocator-block-size=16777216"
    "memorysetup-profiler-editor-allocator-block-size=1048576"
    "memorysetup-temp-allocator-size-main=16777216"
    "memorysetup-job-temp-allocator-block-size=2097152"
    "memorysetup-job-temp-allocator-block-size-background=1048576"
    "memorysetup-job-temp-allocator-reduction-small-platforms=262144"
    "memorysetup-temp-allocator-size-background-worker=32768"
    "memorysetup-temp-allocator-size-job-worker=262144"
    "memorysetup-temp-allocator-size-preload-manager=33554432"
    "memorysetup-temp-allocator-size-nav-mesh-worker=65536"
    "memorysetup-temp-allocator-size-audio-worker=65536"
    "memorysetup-temp-allocator-size-cloud-worker=32768"
    "memorysetup-temp-allocator-size-gi-baking-worker=262144"
    "memorysetup-temp-allocator-size-gfx=262144"
Player connection [8384] Host "[IP] 172.27.15.149 [Port] 0 [Flags] 2 [Guid] 181654690 [EditorId] 181654690 [Version] 1048832 [Id] WindowsEditor(7,NS00J002011DE01) [Debug] 1 [PackageName] WindowsEditor [ProjectName] Editor" joined multi-casting on [225.0.0.222:54997]...

Player connection [8384] Host "[IP] 172.27.15.149 [Port] 0 [Flags] 2 [Guid] 181654690 [EditorId] 181654690 [Version] 1048832 [Id] WindowsEditor(7,NS00J002011DE01) [Debug] 1 [PackageName] WindowsEditor [ProjectName] Editor" joined alternative multi-casting on [225.0.0.222:34997]...

Refreshing native plugins compatible for Editor in 124.49 ms, found 3 plugins.
Preloading 0 native plugins for Editor in 0.00 ms.
Initialize engine version: 2021.3.26f1 (a16dc32e0ff2)
[Subsystems] Discovering subsystems at path C:/Program Files/Unity/Hub/Editor/2021.3.26f1/Editor/Data/Resources/UnitySubsystems
[Subsystems] Discovering subsystems at path C:/Users/acapela/Documents/GitHub/Algos/Assets
GfxDevice: creating device client; threaded=0; jobified=0
Direct3D:
    Version:  Direct3D 11.0 [level 11.1]
    Renderer: NVIDIA GeForce RTX 3090 (ID=0x2204)
    Vendor:   NVIDIA
    VRAM:     24340 MB
    Driver:   31.0.15.3619
Initialize mono
Mono path[0] = 'C:/Program Files/Unity/Hub/Editor/2021.3.26f1/Editor/Data/Managed'
Mono path[1] = 'C:/Program Files/Unity/Hub/Editor/2021.3.26f1/Editor/Data/MonoBleedingEdge/lib/mono/unityjit-win32'
Mono config path = 'C:/Program Files/Unity/Hub/Editor/2021.3.26f1/Editor/Data/MonoBleedingEdge/etc'
Using monoOptions --debugger-agent=transport=dt_socket,embedding=1,server=y,suspend=n,address=127.0.0.1:56112
Begin MonoManager ReloadAssembly
Registering precompiled unity dll's ...
Register platform support module: C:/Program Files/Unity/Hub/Editor/2021.3.26f1/Editor/Data/PlaybackEngines/WebGLSupport/UnityEditor.WebGL.Extensions.dll
Register platform support module: C:/Program Files/Unity/Hub/Editor/2021.3.26f1/Editor/Data/PlaybackEngines/AndroidPlayer/UnityEditor.Android.Extensions.dll
Register platform support module: C:/Program Files/Unity/Hub/Editor/2021.3.26f1/Editor/Data/PlaybackEngines/WindowsStandaloneSupport/UnityEditor.WindowsStandalone.Extensions.dll
Registered in 0.229234 seconds.
Native extension for WindowsStandalone target not found
Native extension for Android target not found
Android Extension - Scanning For ADB Devices 413 ms
Native extension for WebGL target not found
Refreshing native plugins compatible for Editor in 63.70 ms, found 3 plugins.
Preloading 0 native plugins for Editor in 0.00 ms.
Mono: successfully reloaded assembly
- Completed reload, in  5.061 seconds
Domain Reload Profiling:
	ReloadAssembly (5062ms)
		BeginReloadAssembly (2999ms)
			ExecutionOrderSort (0ms)
			DisableScriptedObjects (0ms)
			BackupInstance (0ms)
			ReleaseScriptingObjects (0ms)
			CreateAndSetChildDomain (1ms)
		EndReloadAssembly (1552ms)
			LoadAssemblies (3001ms)
			RebuildTransferFunctionScriptingTraits (0ms)
			SetupTypeCache (649ms)
			ReleaseScriptCaches (0ms)
			RebuildScriptCaches (41ms)
			SetupLoadedEditorAssemblies (793ms)
				LogAssemblyErrors (0ms)
				InitializePlatformSupportModulesInManaged (552ms)
				SetLoadedEditorAssemblies (2ms)
				RefreshPlugins (64ms)
				BeforeProcessingInitializeOnLoad (2ms)
				ProcessInitializeOnLoadAttributes (118ms)
				ProcessInitializeOnLoadMethodAttributes (54ms)
				AfterProcessingInitializeOnLoad (0ms)
				EditorAssembliesLoaded (0ms)
			ExecutionOrderSort2 (0ms)
			AwakeInstancesAfterBackupRestoration (0ms)
Platform modules already initialized, skipping
Registering precompiled user dll's ...
Registered in 0.007465 seconds.
Begin MonoManager ReloadAssembly
Symbol file LoadedFromMemory doesn't match image C:\Users\acapela\Documents\GitHub\Algos\Library\PackageCache\com.unity.visualscripting@1.8.0\Editor\VisualScripting.Core\Dependencies\YamlDotNet\Unity.VisualScripting.YamlDotNet.dll
Symbol file LoadedFromMemory doesn't match image C:\Users\acapela\Documents\GitHub\Algos\Library\PackageCache\com.unity.visualscripting@1.8.0\Editor\VisualScripting.Core\Dependencies\DotNetZip\Unity.VisualScripting.IonicZip.dll
Native extension for WindowsStandalone target not found
Native extension for Android target not found
Native extension for WebGL target not found
Refreshing native plugins compatible for Editor in 0.50 ms, found 3 plugins.
Preloading 0 native plugins for Editor in 0.00 ms.
Mono: successfully reloaded assembly
- Completed reload, in  3.236 seconds
Domain Reload Profiling:
	ReloadAssembly (3237ms)
		BeginReloadAssembly (114ms)
			ExecutionOrderSort (0ms)
			DisableScriptedObjects (8ms)
			BackupInstance (0ms)
			ReleaseScriptingObjects (0ms)
			CreateAndSetChildDomain (18ms)
		EndReloadAssembly (2961ms)
			LoadAssemblies (1752ms)
			RebuildTransferFunctionScriptingTraits (0ms)
			SetupTypeCache (655ms)
			ReleaseScriptCaches (0ms)
			RebuildScriptCaches (65ms)
			SetupLoadedEditorAssemblies (411ms)
				LogAssemblyErrors (0ms)
				InitializePlatformSupportModulesInManaged (32ms)
				SetLoadedEditorAssemblies (1ms)
				RefreshPlugins (1ms)
				BeforeProcessingInitializeOnLoad (93ms)
				ProcessInitializeOnLoadAttributes (253ms)
				ProcessInitializeOnLoadMethodAttributes (23ms)
				AfterProcessingInitializeOnLoad (9ms)
				EditorAssembliesLoaded (0ms)
			ExecutionOrderSort2 (0ms)
			AwakeInstancesAfterBackupRestoration (6ms)
Platform modules already initialized, skipping
========================================================================
Worker process is ready to serve import requests
Launched and connected shader compiler UnityShaderCompiler.exe after 0.06 seconds
Refreshing native plugins compatible for Editor in 2.57 ms, found 3 plugins.
Preloading 0 native plugins for Editor in 0.00 ms.
Unloading 3062 Unused Serialized files (Serialized files now loaded: 0)
Unloading 22 unused Assets / (284.4 KB). Loaded Objects now: 3527.
Memory consumption went from 113.6 MB to 113.3 MB.
Total: 2.994900 ms (FindLiveObjects: 0.403800 ms CreateObjectMapping: 0.111900 ms MarkObjects: 2.402400 ms  DeleteObjects: 0.075700 ms)

AssetImportParameters requested are different than current active one (requested -> active):
  custom:video-decoder-ogg-theora: a1e56fd34408186e4bbccfd4996cb3dc -> 
  custom:container-muxer-webm: aa71ff27fc2769a1b78a27578f13a17b -> 
  custom:container-demuxer-webm: 4f35f7cbe854078d1ac9338744f61a02 -> 
  custom:video-encoder-webm-vp8: eb34c28f22e8b96e1ab97ce403110664 -> 
  custom:audio-encoder-webm-vorbis: bf7c407c2cedff20999df2af8eb42d56 -> 
  custom:framework-win-MediaFoundation: 216162199b28c13a410421893ffa2e32 -> 
  custom:container-demuxer-ogg: 62fdf1f143b41e24485cea50d1cbac27 -> 
  custom:video-decoder-webm-vp8: 9c59270c3fd7afecdb556c50c9e8de78 -> 
  custom:audio-decoder-ogg-vorbis: bf7c407c2cedff20999df2af8eb42d56 -> 
========================================================================
Received Import Request.
  Time since last request: 22024.005228 seconds.
  path: Assets/Shaders/LIghting/Phong.shader
  artifactKey: Guid(5ae012bfb14d9254abac1b268ffb00df) Importer(815301076,1909f56bfc062723c751e8b465ee728b)
Start importing Assets/Shaders/LIghting/Phong.shader using Guid(5ae012bfb14d9254abac1b268ffb00df) Importer(815301076,1909f56bfc062723c751e8b465ee728b)  -> (artifact id: '829c41472551a92f1acbd85c48100d21') in 0.059280 seconds 
========================================================================
Received Import Request.
  Time since last request: 63.263026 seconds.
  path: Assets/Shaders/LIghting/Phong.shader
  artifactKey: Guid(5ae012bfb14d9254abac1b268ffb00df) Importer(815301076,1909f56bfc062723c751e8b465ee728b)
Start importing Assets/Shaders/LIghting/Phong.shader using Guid(5ae012bfb14d9254abac1b268ffb00df) Importer(815301076,1909f56bfc062723c751e8b465ee728b)  -> (artifact id: 'd463e5d437e30a6f2d36c4813458ebe9') in 0.010687 seconds 
========================================================================
Received Import Request.
  Time since last request: 400.946279 seconds.
  path: Assets/Shaders/LIghting/Phong.shader
  artifactKey: Guid(5ae012bfb14d9254abac1b268ffb00df) Importer(815301076,1909f56bfc062723c751e8b465ee728b)
Start importing Assets/Shaders/LIghting/Phong.shader using Guid(5ae012bfb14d9254abac1b268ffb00df) Importer(815301076,1909f56bfc062723c751e8b465ee728b)  -> (artifact id: 'a0c839d14b5ff2ec434c2120294ef56c') in 0.010664 seconds 
========================================================================
Received Import Request.
  Time since last request: 44.900980 seconds.
  path: Assets/Shaders/LIghting/Phong.shader
  artifactKey: Guid(5ae012bfb14d9254abac1b268ffb00df) Importer(815301076,1909f56bfc062723c751e8b465ee728b)
Start importing Assets/Shaders/LIghting/Phong.shader using Guid(5ae012bfb14d9254abac1b268ffb00df) Importer(815301076,1909f56bfc062723c751e8b465ee728b)  -> (artifact id: '98d234f477c524d1e8914509fb79f4e2') in 0.003754 seconds 
========================================================================
Received Import Request.
  Time since last request: 45.994359 seconds.
  path: Assets/Shaders/LIghting/Phong.shader
  artifactKey: Guid(5ae012bfb14d9254abac1b268ffb00df) Importer(815301076,1909f56bfc062723c751e8b465ee728b)
Start importing Assets/Shaders/LIghting/Phong.shader using Guid(5ae012bfb14d9254abac1b268ffb00df) Importer(815301076,1909f56bfc062723c751e8b465ee728b)  -> (artifact id: 'c191e99c351466af5cf1b19225913ac4') in 0.005116 seconds 
========================================================================
Received Import Request.
  Time since last request: 20.484186 seconds.
  path: Assets/Shaders/LIghting/Phong.shader
  artifactKey: Guid(5ae012bfb14d9254abac1b268ffb00df) Importer(815301076,1909f56bfc062723c751e8b465ee728b)
Start importing Assets/Shaders/LIghting/Phong.shader using Guid(5ae012bfb14d9254abac1b268ffb00df) Importer(815301076,1909f56bfc062723c751e8b465ee728b)  -> (artifact id: '7a0b4e9653839fef287b0f7f7e9b6fc6') in 0.003237 seconds 
========================================================================
Received Import Request.
  Time since last request: 37.010156 seconds.
  path: Assets/Shaders/LIghting/Phong.shader
  artifactKey: Guid(5ae012bfb14d9254abac1b268ffb00df) Importer(815301076,1909f56bfc062723c751e8b465ee728b)
Start importing Assets/Shaders/LIghting/Phong.shader using Guid(5ae012bfb14d9254abac1b268ffb00df) Importer(815301076,1909f56bfc062723c751e8b465ee728b)  -> (artifact id: 'ce7fdabdd82d2a8b0100bdd5a8a9e6a9') in 0.007664 seconds 
========================================================================
Received Import Request.
  Time since last request: 268.414952 seconds.
  path: Assets/Shaders/LIghting/Phong.shader
  artifactKey: Guid(5ae012bfb14d9254abac1b268ffb00df) Importer(815301076,1909f56bfc062723c751e8b465ee728b)
Start importing Assets/Shaders/LIghting/Phong.shader using Guid(5ae012bfb14d9254abac1b268ffb00df) Importer(815301076,1909f56bfc062723c751e8b465ee728b)  -> (artifact id: '39966527384b127ab32a772bd48c39d4') in 0.003212 seconds 
========================================================================
Received Import Request.
  Time since last request: 48.593894 seconds.
  path: Assets/Shaders/LIghting/Phong.shader
  artifactKey: Guid(5ae012bfb14d9254abac1b268ffb00df) Importer(815301076,1909f56bfc062723c751e8b465ee728b)
Start importing Assets/Shaders/LIghting/Phong.shader using Guid(5ae012bfb14d9254abac1b268ffb00df) Importer(815301076,1909f56bfc062723c751e8b465ee728b)  -> (artifact id: '6bfc5eee465927d399c6f916fe0707e0') in 0.009501 seconds 
========================================================================
Received Import Request.
  Time since last request: 5.611146 seconds.
  path: Assets/Shaders/LIghting/Phong.shader
  artifactKey: Guid(5ae012bfb14d9254abac1b268ffb00df) Importer(815301076,1909f56bfc062723c751e8b465ee728b)
Start importing Assets/Shaders/LIghting/Phong.shader using Guid(5ae012bfb14d9254abac1b268ffb00df) Importer(815301076,1909f56bfc062723c751e8b465ee728b)  -> (artifact id: 'ab6ab7dc6dcf796a7ba2b291058c65d8') in 0.005738 seconds 
========================================================================
Received Import Request.
  Time since last request: 11.477278 seconds.
  path: Assets/Shaders/LIghting/Phong.shader
  artifactKey: Guid(5ae012bfb14d9254abac1b268ffb00df) Importer(815301076,1909f56bfc062723c751e8b465ee728b)
Start importing Assets/Shaders/LIghting/Phong.shader using Guid(5ae012bfb14d9254abac1b268ffb00df) Importer(815301076,1909f56bfc062723c751e8b465ee728b)  -> (artifact id: '3c2d9fccb3abb2f3bed583de431bb66a') in 0.003331 seconds 
========================================================================
Received Import Request.
  Time since last request: 21.459244 seconds.
  path: Assets/Shaders/LIghting/Unlit_Phong.mat
  artifactKey: Guid(10740864195a5604e99521ca6b041cbc) Importer(815301076,1909f56bfc062723c751e8b465ee728b)
Start importing Assets/Shaders/LIghting/Unlit_Phong.mat using Guid(10740864195a5604e99521ca6b041cbc) Importer(815301076,1909f56bfc062723c751e8b465ee728b)  -> (artifact id: '2ea14398052c70b1a08c6a3a6b9255bf') in 0.160857 seconds 
========================================================================
Received Import Request.
  Time since last request: 44.260868 seconds.
  path: Assets/Shaders/LIghting/Unlit_Phong.mat
  artifactKey: Guid(10740864195a5604e99521ca6b041cbc) Importer(815301076,1909f56bfc062723c751e8b465ee728b)
Start importing Assets/Shaders/LIghting/Unlit_Phong.mat using Guid(10740864195a5604e99521ca6b041cbc) Importer(815301076,1909f56bfc062723c751e8b465ee728b)  -> (artifact id: '8df2505899a9c65cdaa2e26569e68810') in 0.059834 seconds 
========================================================================
Received Import Request.
  Time since last request: 59.480544 seconds.
  path: Assets/Shaders/LIghting/Unlit_Phong.mat
  artifactKey: Guid(10740864195a5604e99521ca6b041cbc) Importer(815301076,1909f56bfc062723c751e8b465ee728b)
Start importing Assets/Shaders/LIghting/Unlit_Phong.mat using Guid(10740864195a5604e99521ca6b041cbc) Importer(815301076,1909f56bfc062723c751e8b465ee728b)  -> (artifact id: 'bb621b9457b79431370eef7f92b42987') in 0.027610 seconds 
========================================================================
Received Import Request.
  Time since last request: 355.705146 seconds.
  path: Assets/Shaders/LIghting/Unlit_Phong.mat
  artifactKey: Guid(10740864195a5604e99521ca6b041cbc) Importer(815301076,1909f56bfc062723c751e8b465ee728b)
Start importing Assets/Shaders/LIghting/Unlit_Phong.mat using Guid(10740864195a5604e99521ca6b041cbc) Importer(815301076,1909f56bfc062723c751e8b465ee728b) Shader error in 'Unlit/Phong': 'frag': Not all control paths return a value at line 49 (on d3d11)

Compiling Subshader: 0, Pass: <Unnamed Pass 0>, Fragment program with <no keywords>
Platform defines: SHADER_API_DESKTOP UNITY_ENABLE_DETAIL_NORMALMAP UNITY_ENABLE_REFLECTION_BUFFERS UNITY_LIGHTMAP_FULL_HDR UNITY_LIGHT_PROBE_PROXY_VOLUME UNITY_PBS_USE_BRDF1 UNITY_SPECCUBE_BLENDING UNITY_SPECCUBE_BOX_PROJECTION UNITY_USE_DITHER_MASK_FOR_ALPHABLENDED_SHADOWS
Disabled keywords: SHADER_API_GLES30 UNITY_ASTC_NORMALMAP_ENCODING UNITY_COLORSPACE_GAMMA UNITY_ENABLE_NATIVE_SHADOW_LOOKUPS UNITY_FRAMEBUFFER_FETCH_AVAILABLE UNITY_HALF_PRECISION_FRAGMENT_SHADER_REGISTERS UNITY_HARDWARE_TIER1 UNITY_HARDWARE_TIER2 UNITY_HARDWARE_TIER3 UNITY_LIGHTMAP_DLDR_ENCODING UNITY_LIGHTMAP_RGBM_ENCODING UNITY_METAL_SHADOWS_USE_POINT_FILTERING UNITY_NO_DXT5nm UNITY_NO_FULL_STANDARD_SHADER UNITY_NO_SCREENSPACE_SHADOWS UNITY_PBS_USE_BRDF2 UNITY_PBS_USE_BRDF3 UNITY_PRETRANSFORM_TO_DISPLAY_ORIENTATION UNITY_UNIFIED_SHADER_PRECISION_MODEL UNITY_VIRTUAL_TEXTURING
 -> (artifact id: '154d97f6a4789de9f000638086772f1a') in 0.076583 seconds 
========================================================================
Received Import Request.
  Time since last request: 43.025745 seconds.
  path: Assets/Shaders/LIghting/Unlit_Phong.mat
  artifactKey: Guid(10740864195a5604e99521ca6b041cbc) Importer(815301076,1909f56bfc062723c751e8b465ee728b)
Start importing Assets/Shaders/LIghting/Unlit_Phong.mat using Guid(10740864195a5604e99521ca6b041cbc) Importer(815301076,1909f56bfc062723c751e8b465ee728b) Shader error in 'Unlit/Phong': 'reflect': no matching 0 parameter intrinsic function; Possible intrinsic functions are: reflect(floatM|halfM|min10floatM|min16floatM, floatM|halfM|min10floatM|min16floatM) at line 56 (on d3d11)

Compiling Subshader: 0, Pass: <Unnamed Pass 0>, Vertex program with <no keywords>
Platform defines: SHADER_API_DESKTOP UNITY_ENABLE_DETAIL_NORMALMAP UNITY_ENABLE_REFLECTION_BUFFERS UNITY_LIGHTMAP_FULL_HDR UNITY_LIGHT_PROBE_PROXY_VOLUME UNITY_PBS_USE_BRDF1 UNITY_SPECCUBE_BLENDING UNITY_SPECCUBE_BOX_PROJECTION UNITY_USE_DITHER_MASK_FOR_ALPHABLENDED_SHADOWS
Disabled keywords: SHADER_API_GLES30 UNITY_ASTC_NORMALMAP_ENCODING UNITY_COLORSPACE_GAMMA UNITY_ENABLE_NATIVE_SHADOW_LOOKUPS UNITY_FRAMEBUFFER_FETCH_AVAILABLE UNITY_HALF_PRECISION_FRAGMENT_SHADER_REGISTERS UNITY_HARDWARE_TIER1 UNITY_HARDWARE_TIER2 UNITY_HARDWARE_TIER3 UNITY_LIGHTMAP_DLDR_ENCODING UNITY_LIGHTMAP_RGBM_ENCODING UNITY_METAL_SHADOWS_USE_POINT_FILTERING UNITY_NO_DXT5nm UNITY_NO_FULL_STANDARD_SHADER UNITY_NO_SCREENSPACE_SHADOWS UNITY_PBS_USE_BRDF2 UNITY_PBS_USE_BRDF3 UNITY_PRETRANSFORM_TO_DISPLAY_ORIENTATION UNITY_UNIFIED_SHADER_PRECISION_MODEL UNITY_VIRTUAL_TEXTURING
Shader error in 'Unlit/Phong': syntax error: unexpected token ',' at line 56 (on d3d11)

Compiling Subshader: 0, Pass: <Unnamed Pass 0>, Vertex program with <no keywords>
Platform defines: SHADER_API_DESKTOP UNITY_ENABLE_DETAIL_NORMALMAP UNITY_ENABLE_REFLECTION_BUFFERS UNITY_LIGHTMAP_FULL_HDR UNITY_LIGHT_PROBE_PROXY_VOLUME UNITY_PBS_USE_BRDF1 UNITY_SPECCUBE_BLENDING UNITY_SPECCUBE_BOX_PROJECTION UNITY_USE_DITHER_MASK_FOR_ALPHABLENDED_SHADOWS
Disabled keywords: SHADER_API_GLES30 UNITY_ASTC_NORMALMAP_ENCODING UNITY_COLORSPACE_GAMMA UNITY_ENABLE_NATIVE_SHADOW_LOOKUPS UNITY_FRAMEBUFFER_FETCH_AVAILABLE UNITY_HALF_PRECISION_FRAGMENT_SHADER_REGISTERS UNITY_HARDWARE_TIER1 UNITY_HARDWARE_TIER2 UNITY_HARDWARE_TIER3 UNITY_LIGHTMAP_DLDR_ENCODING UNITY_LIGHTMAP_RGBM_ENCODING UNITY_METAL_SHADOWS_USE_POINT_FILTERING UNITY_NO_DXT5nm UNITY_NO_FULL_STANDARD_SHADER UNITY_NO_SCREENSPACE_SHADOWS UNITY_PBS_USE_BRDF2 UNITY_PBS_USE_BRDF3 UNITY_PRETRANSFORM_TO_DISPLAY_ORIENTATION UNITY_UNIFIED_SHADER_PRECISION_MODEL UNITY_VIRTUAL_TEXTURING
Shader error in 'Unlit/Phong': 'reflect': no matching 0 parameter intrinsic function; Possible intrinsic functions are: reflect(floatM|halfM|min10floatM|min16floatM, floatM|halfM|min10floatM|min16floatM) at line 56 (on d3d11)

Compiling Subshader: 0, Pass: <Unnamed Pass 0>, Vertex program with <no keywords>
Platform defines: SHADER_API_DESKTOP UNITY_ENABLE_DETAIL_NORMALMAP UNITY_ENABLE_REFLECTION_BUFFERS UNITY_LIGHTMAP_FULL_HDR UNITY_LIGHT_PROBE_PROXY_VOLUME UNITY_PBS_USE_BRDF1 UNITY_SPECCUBE_BLENDING UNITY_SPECCUBE_BOX_PROJECTION UNITY_USE_DITHER_MASK_FOR_ALPHABLENDED_SHADOWS
Disabled keywords: SHADER_API_GLES30 UNITY_ASTC_NORMALMAP_ENCODING UNITY_COLORSPACE_GAMMA UNITY_ENABLE_NATIVE_SHADOW_LOOKUPS UNITY_FRAMEBUFFER_FETCH_AVAILABLE UNITY_HALF_PRECISION_FRAGMENT_SHADER_REGISTERS UNITY_HARDWARE_TIER1 UNITY_HARDWARE_TIER2 UNITY_HARDWARE_TIER3 UNITY_LIGHTMAP_DLDR_ENCODING UNITY_LIGHTMAP_RGBM_ENCODING UNITY_METAL_SHADOWS_USE_POINT_FILTERING UNITY_NO_DXT5nm UNITY_NO_FULL_STANDARD_SHADER UNITY_NO_SCREENSPACE_SHADOWS UNITY_PBS_USE_BRDF2 UNITY_PBS_USE_BRDF3 UNITY_PRETRANSFORM_TO_DISPLAY_ORIENTATION UNITY_UNIFIED_SHADER_PRECISION_MODEL UNITY_VIRTUAL_TEXTURING
Shader error in 'Unlit/Phong': syntax error: unexpected token ',' at line 56 (on d3d11)

Compiling Subshader: 0, Pass: <Unnamed Pass 0>, Vertex program with <no keywords>
Platform defines: SHADER_API_DESKTOP UNITY_ENABLE_DETAIL_NORMALMAP UNITY_ENABLE_REFLECTION_BUFFERS UNITY_LIGHTMAP_FULL_HDR UNITY_LIGHT_PROBE_PROXY_VOLUME UNITY_PBS_USE_BRDF1 UNITY_SPECCUBE_BLENDING UNITY_SPECCUBE_BOX_PROJECTION UNITY_USE_DITHER_MASK_FOR_ALPHABLENDED_SHADOWS
Disabled keywords: SHADER_API_GLES30 UNITY_ASTC_NORMALMAP_ENCODING UNITY_COLORSPACE_GAMMA UNITY_ENABLE_NATIVE_SHADOW_LOOKUPS UNITY_FRAMEBUFFER_FETCH_AVAILABLE UNITY_HALF_PRECISION_FRAGMENT_SHADER_REGISTERS UNITY_HARDWARE_TIER1 UNITY_HARDWARE_TIER2 UNITY_HARDWARE_TIER3 UNITY_LIGHTMAP_DLDR_ENCODING UNITY_LIGHTMAP_RGBM_ENCODING UNITY_METAL_SHADOWS_USE_POINT_FILTERING UNITY_NO_DXT5nm UNITY_NO_FULL_STANDARD_SHADER UNITY_NO_SCREENSPACE_SHADOWS UNITY_PBS_USE_BRDF2 UNITY_PBS_USE_BRDF3 UNITY_PRETRANSFORM_TO_DISPLAY_ORIENTATION UNITY_UNIFIED_SHADER_PRECISION_MODEL UNITY_VIRTUAL_TEXTURING
 -> (artifact id: '41c10ee66ec92ab9d9dbd211843f9219') in 0.024112 seconds 
========================================================================
Received Import Request.
  Time since last request: 132.706996 seconds.
  path: Assets/Shaders/LIghting/Unlit_Phong.mat
  artifactKey: Guid(10740864195a5604e99521ca6b041cbc) Importer(815301076,1909f56bfc062723c751e8b465ee728b)
Start importing Assets/Shaders/LIghting/Unlit_Phong.mat using Guid(10740864195a5604e99521ca6b041cbc) Importer(815301076,1909f56bfc062723c751e8b465ee728b) Shader error in 'Unlit/Phong': 'frag': Not all control paths return a value at line 49 (on d3d11)

Compiling Subshader: 0, Pass: <Unnamed Pass 0>, Fragment program with <no keywords>
Platform defines: SHADER_API_DESKTOP UNITY_ENABLE_DETAIL_NORMALMAP UNITY_ENABLE_REFLECTION_BUFFERS UNITY_LIGHTMAP_FULL_HDR UNITY_LIGHT_PROBE_PROXY_VOLUME UNITY_PBS_USE_BRDF1 UNITY_SPECCUBE_BLENDING UNITY_SPECCUBE_BOX_PROJECTION UNITY_USE_DITHER_MASK_FOR_ALPHABLENDED_SHADOWS
Disabled keywords: SHADER_API_GLES30 UNITY_ASTC_NORMALMAP_ENCODING UNITY_COLORSPACE_GAMMA UNITY_ENABLE_NATIVE_SHADOW_LOOKUPS UNITY_FRAMEBUFFER_FETCH_AVAILABLE UNITY_HALF_PRECISION_FRAGMENT_SHADER_REGISTERS UNITY_HARDWARE_TIER1 UNITY_HARDWARE_TIER2 UNITY_HARDWARE_TIER3 UNITY_LIGHTMAP_DLDR_ENCODING UNITY_LIGHTMAP_RGBM_ENCODING UNITY_METAL_SHADOWS_USE_POINT_FILTERING UNITY_NO_DXT5nm UNITY_NO_FULL_STANDARD_SHADER UNITY_NO_SCREENSPACE_SHADOWS UNITY_PBS_USE_BRDF2 UNITY_PBS_USE_BRDF3 UNITY_PRETRANSFORM_TO_DISPLAY_ORIENTATION UNITY_UNIFIED_SHADER_PRECISION_MODEL UNITY_VIRTUAL_TEXTURING
 -> (artifact id: '247a42376078f4cfc60f76b55c781910') in 0.024705 seconds 
========================================================================
Received Import Request.
  Time since last request: 19.910450 seconds.
  path: Assets/Shaders/LIghting/Unlit_Phong.mat
  artifactKey: Guid(10740864195a5604e99521ca6b041cbc) Importer(815301076,1909f56bfc062723c751e8b465ee728b)
Start importing Assets/Shaders/LIghting/Unlit_Phong.mat using Guid(10740864195a5604e99521ca6b041cbc) Importer(815301076,1909f56bfc062723c751e8b465ee728b) Shader error in 'Unlit/Phong': 'frag': Not all control paths return a value at line 49 (on d3d11)

Compiling Subshader: 0, Pass: <Unnamed Pass 0>, Fragment program with <no keywords>
Platform defines: SHADER_API_DESKTOP UNITY_ENABLE_DETAIL_NORMALMAP UNITY_ENABLE_REFLECTION_BUFFERS UNITY_LIGHTMAP_FULL_HDR UNITY_LIGHT_PROBE_PROXY_VOLUME UNITY_PBS_USE_BRDF1 UNITY_SPECCUBE_BLENDING UNITY_SPECCUBE_BOX_PROJECTION UNITY_USE_DITHER_MASK_FOR_ALPHABLENDED_SHADOWS
Disabled keywords: SHADER_API_GLES30 UNITY_ASTC_NORMALMAP_ENCODING UNITY_COLORSPACE_GAMMA UNITY_ENABLE_NATIVE_SHADOW_LOOKUPS UNITY_FRAMEBUFFER_FETCH_AVAILABLE UNITY_HALF_PRECISION_FRAGMENT_SHADER_REGISTERS UNITY_HARDWARE_TIER1 UNITY_HARDWARE_TIER2 UNITY_HARDWARE_TIER3 UNITY_LIGHTMAP_DLDR_ENCODING UNITY_LIGHTMAP_RGBM_ENCODING UNITY_METAL_SHADOWS_USE_POINT_FILTERING UNITY_NO_DXT5nm UNITY_NO_FULL_STANDARD_SHADER UNITY_NO_SCREENSPACE_SHADOWS UNITY_PBS_USE_BRDF2 UNITY_PBS_USE_BRDF3 UNITY_PRETRANSFORM_TO_DISPLAY_ORIENTATION UNITY_UNIFIED_SHADER_PRECISION_MODEL UNITY_VIRTUAL_TEXTURING
 -> (artifact id: '9f305d1f8503346623fede92db8d3f37') in 0.025402 seconds 
========================================================================
Received Import Request.
  Time since last request: 45.247562 seconds.
  path: Assets/Shaders/LIghting/Unlit_Phong.mat
  artifactKey: Guid(10740864195a5604e99521ca6b041cbc) Importer(815301076,1909f56bfc062723c751e8b465ee728b)
Start importing Assets/Shaders/LIghting/Unlit_Phong.mat using Guid(10740864195a5604e99521ca6b041cbc) Importer(815301076,1909f56bfc062723c751e8b465ee728b)  -> (artifact id: '161a8d4b0978f2be38cfd5b5f6718628') in 0.037278 seconds 
========================================================================
Received Import Request.
  Time since last request: 52.854824 seconds.
  path: Assets/Shaders/LIghting/Unlit_Phong.mat
  artifactKey: Guid(10740864195a5604e99521ca6b041cbc) Importer(815301076,1909f56bfc062723c751e8b465ee728b)
Start importing Assets/Shaders/LIghting/Unlit_Phong.mat using Guid(10740864195a5604e99521ca6b041cbc) Importer(815301076,1909f56bfc062723c751e8b465ee728b)  -> (artifact id: '9ac3d16a4a82ba5bd4db33d6694e43f4') in 0.044490 seconds 
========================================================================
Received Import Request.
  Time since last request: 1621.683303 seconds.
  path: Assets/Shaders/LIghting/Unlit_Phong.mat
  artifactKey: Guid(10740864195a5604e99521ca6b041cbc) Importer(815301076,1909f56bfc062723c751e8b465ee728b)
Start importing Assets/Shaders/LIghting/Unlit_Phong.mat using Guid(10740864195a5604e99521ca6b041cbc) Importer(815301076,1909f56bfc062723c751e8b465ee728b) Shader error in 'Unlit/Phong': 'pow': no matching 2 parameter intrinsic function; Possible intrinsic functions are: pow(float|half|min10float|min16float, float|half|min10float|min16float) at line 58 (on d3d11)

Compiling Subshader: 0, Pass: <Unnamed Pass 0>, Vertex program with <no keywords>
Platform defines: SHADER_API_DESKTOP UNITY_ENABLE_DETAIL_NORMALMAP UNITY_ENABLE_REFLECTION_BUFFERS UNITY_LIGHTMAP_FULL_HDR UNITY_LIGHT_PROBE_PROXY_VOLUME UNITY_PBS_USE_BRDF1 UNITY_SPECCUBE_BLENDING UNITY_SPECCUBE_BOX_PROJECTION UNITY_USE_DITHER_MASK_FOR_ALPHABLENDED_SHADOWS
Disabled keywords: SHADER_API_GLES30 UNITY_ASTC_NORMALMAP_ENCODING UNITY_COLORSPACE_GAMMA UNITY_ENABLE_NATIVE_SHADOW_LOOKUPS UNITY_FRAMEBUFFER_FETCH_AVAILABLE UNITY_HALF_PRECISION_FRAGMENT_SHADER_REGISTERS UNITY_HARDWARE_TIER1 UNITY_HARDWARE_TIER2 UNITY_HARDWARE_TIER3 UNITY_LIGHTMAP_DLDR_ENCODING UNITY_LIGHTMAP_RGBM_ENCODING UNITY_METAL_SHADOWS_USE_POINT_FILTERING UNITY_NO_DXT5nm UNITY_NO_FULL_STANDARD_SHADER UNITY_NO_SCREENSPACE_SHADOWS UNITY_PBS_USE_BRDF2 UNITY_PBS_USE_BRDF3 UNITY_PRETRANSFORM_TO_DISPLAY_ORIENTATION UNITY_UNIFIED_SHADER_PRECISION_MODEL UNITY_VIRTUAL_TEXTURING
Shader error in 'Unlit/Phong': undeclared identifier '_Gloss' at line 58 (on d3d11)

Compiling Subshader: 0, Pass: <Unnamed Pass 0>, Vertex program with <no keywords>
Platform defines: SHADER_API_DESKTOP UNITY_ENABLE_DETAIL_NORMALMAP UNITY_ENABLE_REFLECTION_BUFFERS UNITY_LIGHTMAP_FULL_HDR UNITY_LIGHT_PROBE_PROXY_VOLUME UNITY_PBS_USE_BRDF1 UNITY_SPECCUBE_BLENDING UNITY_SPECCUBE_BOX_PROJECTION UNITY_USE_DITHER_MASK_FOR_ALPHABLENDED_SHADOWS
Disabled keywords: SHADER_API_GLES30 UNITY_ASTC_NORMALMAP_ENCODING UNITY_COLORSPACE_GAMMA UNITY_ENABLE_NATIVE_SHADOW_LOOKUPS UNITY_FRAMEBUFFER_FETCH_AVAILABLE UNITY_HALF_PRECISION_FRAGMENT_SHADER_REGISTERS UNITY_HARDWARE_TIER1 UNITY_HARDWARE_TIER2 UNITY_HARDWARE_TIER3 UNITY_LIGHTMAP_DLDR_ENCODING UNITY_LIGHTMAP_RGBM_ENCODING UNITY_METAL_SHADOWS_USE_POINT_FILTERING UNITY_NO_DXT5nm UNITY_NO_FULL_STANDARD_SHADER UNITY_NO_SCREENSPACE_SHADOWS UNITY_PBS_USE_BRDF2 UNITY_PBS_USE_BRDF3 UNITY_PRETRANSFORM_TO_DISPLAY_ORIENTATION UNITY_UNIFIED_SHADER_PRECISION_MODEL UNITY_VIRTUAL_TEXTURING
Shader error in 'Unlit/Phong': 'pow': no matching 2 parameter intrinsic function; Possible intrinsic functions are: pow(float|half|min10float|min16float, float|half|min10float|min16float) at line 58 (on d3d11)

Compiling Subshader: 0, Pass: <Unnamed Pass 0>, Vertex program with <no keywords>
Platform defines: SHADER_API_DESKTOP UNITY_ENABLE_DETAIL_NORMALMAP UNITY_ENABLE_REFLECTION_BUFFERS UNITY_LIGHTMAP_FULL_HDR UNITY_LIGHT_PROBE_PROXY_VOLUME UNITY_PBS_USE_BRDF1 UNITY_SPECCUBE_BLENDING UNITY_SPECCUBE_BOX_PROJECTION UNITY_USE_DITHER_MASK_FOR_ALPHABLENDED_SHADOWS
Disabled keywords: SHADER_API_GLES30 UNITY_ASTC_NORMALMAP_ENCODING UNITY_COLORSPACE_GAMMA UNITY_ENABLE_NATIVE_SHADOW_LOOKUPS UNITY_FRAMEBUFFER_FETCH_AVAILABLE UNITY_HALF_PRECISION_FRAGMENT_SHADER_REGISTERS UNITY_HARDWARE_TIER1 UNITY_HARDWARE_TIER2 UNITY_HARDWARE_TIER3 UNITY_LIGHTMAP_DLDR_ENCODING UNITY_LIGHTMAP_RGBM_ENCODING UNITY_METAL_SHADOWS_USE_POINT_FILTERING UNITY_NO_DXT5nm UNITY_NO_FULL_STANDARD_SHADER UNITY_NO_SCREENSPACE_SHADOWS UNITY_PBS_USE_BRDF2 UNITY_PBS_USE_BRDF3 UNITY_PRETRANSFORM_TO_DISPLAY_ORIENTATION UNITY_UNIFIED_SHADER_PRECISION_MODEL UNITY_VIRTUAL_TEXTURING
Shader error in 'Unlit/Phong': undeclared identifier '_Gloss' at line 58 (on d3d11)

Compiling Subshader: 0, Pass: <Unnamed Pass 0>, Vertex program with <no keywords>
Platform defines: SHADER_API_DESKTOP UNITY_ENABLE_DETAIL_NORMALMAP UNITY_ENABLE_REFLECTION_BUFFERS UNITY_LIGHTMAP_FULL_HDR UNITY_LIGHT_PROBE_PROXY_VOLUME UNITY_PBS_USE_BRDF1 UNITY_SPECCUBE_BLENDING UNITY_SPECCUBE_BOX_PROJECTION UNITY_USE_DITHER_MASK_FOR_ALPHABLENDED_SHADOWS
Disabled keywords: SHADER_API_GLES30 UNITY_ASTC_NORMALMAP_ENCODING UNITY_COLORSPACE_GAMMA UNITY_ENABLE_NATIVE_SHADOW_LOOKUPS UNITY_FRAMEBUFFER_FETCH_AVAILABLE UNITY_HALF_PRECISION_FRAGMENT_SHADER_REGISTERS UNITY_HARDWARE_TIER1 UNITY_HARDWARE_TIER2 UNITY_HARDWARE_TIER3 UNITY_LIGHTMAP_DLDR_ENCODING UNITY_LIGHTMAP_RGBM_ENCODING UNITY_METAL_SHADOWS_USE_POINT_FILTERING UNITY_NO_DXT5nm UNITY_NO_FULL_STANDARD_SHADER UNITY_NO_SCREENSPACE_SHADOWS UNITY_PBS_USE_BRDF2 UNITY_PBS_USE_BRDF3 UNITY_PRETRANSFORM_TO_DISPLAY_ORIENTATION UNITY_UNIFIED_SHADER_PRECISION_MODEL UNITY_VIRTUAL_TEXTURING
 -> (artifact id: '6ad81e3baae2e2b3ffc6025103d780fc') in 0.041030 seconds 
========================================================================
Received Import Request.
  Time since last request: 16.180549 seconds.
  path: Assets/Shaders/LIghting/Unlit_Phong.mat
  artifactKey: Guid(10740864195a5604e99521ca6b041cbc) Importer(815301076,1909f56bfc062723c751e8b465ee728b)
Start importing Assets/Shaders/LIghting/Unlit_Phong.mat using Guid(10740864195a5604e99521ca6b041cbc) Importer(815301076,1909f56bfc062723c751e8b465ee728b)  -> (artifact id: 'bd4a686e58d8b91c96f868b8b58464a6') in 0.039025 seconds 
========================================================================
Received Import Request.
  Time since last request: 889.908708 seconds.
  path: Assets/Shaders/LIghting/BlinnPhong.shader
  artifactKey: Guid(003e83432530ab546a6dc5619170ca72) Importer(815301076,1909f56bfc062723c751e8b465ee728b)
Start importing Assets/Shaders/LIghting/BlinnPhong.shader using Guid(003e83432530ab546a6dc5619170ca72) Importer(815301076,1909f56bfc062723c751e8b465ee728b)  -> (artifact id: '70d9f672a13cc468bb4af773d887ea9e') in 0.011831 seconds 
========================================================================
Received Import Request.
  Time since last request: 37.364717 seconds.
  path: Assets/Shaders/LIghting/BlinnPhong.shader
  artifactKey: Guid(003e83432530ab546a6dc5619170ca72) Importer(815301076,1909f56bfc062723c751e8b465ee728b)
Start importing Assets/Shaders/LIghting/BlinnPhong.shader using Guid(003e83432530ab546a6dc5619170ca72) Importer(815301076,1909f56bfc062723c751e8b465ee728b)  -> (artifact id: 'a3d8a3168ac70d8309ed595e2af41301') in 0.005489 seconds 
========================================================================
Received Import Request.
  Time since last request: 44.270558 seconds.
  path: Assets/Shaders/LIghting/BlinnPhong.shader
  artifactKey: Guid(003e83432530ab546a6dc5619170ca72) Importer(815301076,1909f56bfc062723c751e8b465ee728b)
Start importing Assets/Shaders/LIghting/BlinnPhong.shader using Guid(003e83432530ab546a6dc5619170ca72) Importer(815301076,1909f56bfc062723c751e8b465ee728b)  -> (artifact id: '5faf3b2c8b9b8e6d8f71b1fad8ab3be6') in 0.003509 seconds 
========================================================================
Received Import Request.
  Time since last request: 13.820724 seconds.
  path: Assets/Shaders/LIghting/BlinnPhong.shader
  artifactKey: Guid(003e83432530ab546a6dc5619170ca72) Importer(815301076,1909f56bfc062723c751e8b465ee728b)
Start importing Assets/Shaders/LIghting/BlinnPhong.shader using Guid(003e83432530ab546a6dc5619170ca72) Importer(815301076,1909f56bfc062723c751e8b465ee728b)  -> (artifact id: 'e31fc9be9f524cb1210d6ab62bb4bd79') in 0.004461 seconds 
========================================================================
Received Import Request.
  Time since last request: 23.283758 seconds.
  path: Assets/Shaders/LIghting/BlinnPhong.shader
  artifactKey: Guid(003e83432530ab546a6dc5619170ca72) Importer(815301076,1909f56bfc062723c751e8b465ee728b)
Start importing Assets/Shaders/LIghting/BlinnPhong.shader using Guid(003e83432530ab546a6dc5619170ca72) Importer(815301076,1909f56bfc062723c751e8b465ee728b)  -> (artifact id: '239de11a7630a56cec5e2c991574f810') in 0.003364 seconds 
========================================================================
Received Import Request.
  Time since last request: 42.399676 seconds.
  path: Assets/Shaders/LIghting/BlinnPhong.shader
  artifactKey: Guid(003e83432530ab546a6dc5619170ca72) Importer(815301076,1909f56bfc062723c751e8b465ee728b)
Start importing Assets/Shaders/LIghting/BlinnPhong.shader using Guid(003e83432530ab546a6dc5619170ca72) Importer(815301076,1909f56bfc062723c751e8b465ee728b)  -> (artifact id: 'c4d8e8bc164b1959c977ad162d4bcd03') in 0.003319 seconds 
========================================================================
Received Import Request.
  Time since last request: 7.119119 seconds.
  path: Assets/Shaders/LIghting/BlinnPhong.shader
  artifactKey: Guid(003e83432530ab546a6dc5619170ca72) Importer(815301076,1909f56bfc062723c751e8b465ee728b)
Start importing Assets/Shaders/LIghting/BlinnPhong.shader using Guid(003e83432530ab546a6dc5619170ca72) Importer(815301076,1909f56bfc062723c751e8b465ee728b)  -> (artifact id: '11cc36c6d7377f052eefc136a65a0a82') in 0.004005 seconds 
========================================================================
Received Import Request.
  Time since last request: 20.115906 seconds.
  path: Assets/Shaders/LIghting/BlinnPhong.shader
  artifactKey: Guid(003e83432530ab546a6dc5619170ca72) Importer(815301076,1909f56bfc062723c751e8b465ee728b)
Start importing Assets/Shaders/LIghting/BlinnPhong.shader using Guid(003e83432530ab546a6dc5619170ca72) Importer(815301076,1909f56bfc062723c751e8b465ee728b)  -> (artifact id: '86c37e4507867cdc2498f3b0c591929c') in 0.004038 seconds 
========================================================================
Received Import Request.
  Time since last request: 58.472699 seconds.
  path: Assets/Shaders/LIghting/BlinnPhong.shader
  artifactKey: Guid(003e83432530ab546a6dc5619170ca72) Importer(815301076,1909f56bfc062723c751e8b465ee728b)
Start importing Assets/Shaders/LIghting/BlinnPhong.shader using Guid(003e83432530ab546a6dc5619170ca72) Importer(815301076,1909f56bfc062723c751e8b465ee728b)  -> (artifact id: '568593906fe6d50ec070ace0a6098945') in 0.003326 seconds 
========================================================================
Received Import Request.
  Time since last request: 39.286327 seconds.
  path: Assets/Shaders/LIghting/BlinnPhong.shader
  artifactKey: Guid(003e83432530ab546a6dc5619170ca72) Importer(815301076,1909f56bfc062723c751e8b465ee728b)
Start importing Assets/Shaders/LIghting/BlinnPhong.shader using Guid(003e83432530ab546a6dc5619170ca72) Importer(815301076,1909f56bfc062723c751e8b465ee728b)  -> (artifact id: '2ee33127b7efdf481285f78ba261119d') in 0.010199 seconds 
========================================================================
Received Import Request.
  Time since last request: 42.722276 seconds.
  path: Assets/Shaders/LIghting/BlinnPhong.shader
  artifactKey: Guid(003e83432530ab546a6dc5619170ca72) Importer(815301076,1909f56bfc062723c751e8b465ee728b)
Start importing Assets/Shaders/LIghting/BlinnPhong.shader using Guid(003e83432530ab546a6dc5619170ca72) Importer(815301076,1909f56bfc062723c751e8b465ee728b)  -> (artifact id: '7eb6a06cbd2e9dc0b2190878c560a77e') in 0.003305 seconds 
========================================================================
Received Import Request.
  Time since last request: 34.779522 seconds.
  path: Assets/Shaders/LIghting/BlinnPhong.shader
  artifactKey: Guid(003e83432530ab546a6dc5619170ca72) Importer(815301076,1909f56bfc062723c751e8b465ee728b)
Start importing Assets/Shaders/LIghting/BlinnPhong.shader using Guid(003e83432530ab546a6dc5619170ca72) Importer(815301076,1909f56bfc062723c751e8b465ee728b)  -> (artifact id: '1f13cf96f4d9f6a2f4b0369a215b57aa') in 0.003550 seconds 
========================================================================
Received Import Request.
  Time since last request: 81.327651 seconds.
  path: Assets/Shaders/LIghting/Unlit_BlinnPhong.mat
  artifactKey: Guid(c50be11eda3136047b3042e78bdf0bcb) Importer(815301076,1909f56bfc062723c751e8b465ee728b)
Start importing Assets/Shaders/LIghting/Unlit_BlinnPhong.mat using Guid(c50be11eda3136047b3042e78bdf0bcb) Importer(815301076,1909f56bfc062723c751e8b465ee728b)  -> (artifact id: 'f79d515645adbb0c2c64d61ddbbffcc0') in 0.080952 seconds 
========================================================================
Received Prepare
Registering precompiled user dll's ...
Registered in 0.004836 seconds.
Begin MonoManager ReloadAssembly
Symbol file LoadedFromMemory doesn't match image C:\Users\acapela\Documents\GitHub\Algos\Library\PackageCache\com.unity.visualscripting@1.8.0\Editor\VisualScripting.Core\Dependencies\YamlDotNet\Unity.VisualScripting.YamlDotNet.dll
Symbol file LoadedFromMemory doesn't match image C:\Users\acapela\Documents\GitHub\Algos\Library\PackageCache\com.unity.visualscripting@1.8.0\Editor\VisualScripting.Core\Dependencies\DotNetZip\Unity.VisualScripting.IonicZip.dll
Native extension for WindowsStandalone target not found
Native extension for Android target not found
Native extension for WebGL target not found
Refreshing native plugins compatible for Editor in 0.54 ms, found 3 plugins.
Preloading 0 native plugins for Editor in 0.00 ms.
Mono: successfully reloaded assembly
- Completed reload, in  1.040 seconds
Domain Reload Profiling:
	ReloadAssembly (1041ms)
		BeginReloadAssembly (154ms)
			ExecutionOrderSort (0ms)
			DisableScriptedObjects (5ms)
			BackupInstance (0ms)
			ReleaseScriptingObjects (0ms)
			CreateAndSetChildDomain (32ms)
		EndReloadAssembly (785ms)
			LoadAssemblies (107ms)
			RebuildTransferFunctionScriptingTraits (0ms)
			SetupTypeCache (255ms)
			ReleaseScriptCaches (1ms)
			RebuildScriptCaches (46ms)
			SetupLoadedEditorAssemblies (326ms)
				LogAssemblyErrors (0ms)
				InitializePlatformSupportModulesInManaged (27ms)
				SetLoadedEditorAssemblies (0ms)
				RefreshPlugins (1ms)
				BeforeProcessingInitializeOnLoad (66ms)
				ProcessInitializeOnLoadAttributes (201ms)
				ProcessInitializeOnLoadMethodAttributes (22ms)
				AfterProcessingInitializeOnLoad (9ms)
				EditorAssembliesLoaded (0ms)
			ExecutionOrderSort2 (0ms)
			AwakeInstancesAfterBackupRestoration (8ms)
Platform modules already initialized, skipping
Refreshing native plugins compatible for Editor in 1.87 ms, found 3 plugins.
Preloading 0 native plugins for Editor in 0.00 ms.
Unloading 3051 Unused Serialized files (Serialized files now loaded: 0)
Unloading 15 unused Assets / (24.5 KB). Loaded Objects now: 3572.
Memory consumption went from 113.2 MB to 113.2 MB.
Total: 3.196000 ms (FindLiveObjects: 0.349200 ms CreateObjectMapping: 0.094200 ms MarkObjects: 2.732200 ms  DeleteObjects: 0.019300 ms)

AssetImportParameters requested are different than current active one (requested -> active):
  custom:video-decoder-ogg-theora: a1e56fd34408186e4bbccfd4996cb3dc -> 
  custom:container-muxer-webm: aa71ff27fc2769a1b78a27578f13a17b -> 
  custom:container-demuxer-webm: 4f35f7cbe854078d1ac9338744f61a02 -> 
  custom:video-encoder-webm-vp8: eb34c28f22e8b96e1ab97ce403110664 -> 
  custom:audio-encoder-webm-vorbis: bf7c407c2cedff20999df2af8eb42d56 -> 
  custom:framework-win-MediaFoundation: 216162199b28c13a410421893ffa2e32 -> 
  custom:container-demuxer-ogg: 62fdf1f143b41e24485cea50d1cbac27 -> 
  custom:video-decoder-webm-vp8: 9c59270c3fd7afecdb556c50c9e8de78 -> 
  custom:audio-decoder-ogg-vorbis: bf7c407c2cedff20999df2af8eb42d56 -> 
========================================================================
Received Import Request.
  Time since last request: 1333.873121 seconds.
  path: Assets/Shaders/LIghting/Unlit_BlinnPhong.mat
  artifactKey: Guid(c50be11eda3136047b3042e78bdf0bcb) Importer(815301076,1909f56bfc062723c751e8b465ee728b)
Start importing Assets/Shaders/LIghting/Unlit_BlinnPhong.mat using Guid(c50be11eda3136047b3042e78bdf0bcb) Importer(815301076,1909f56bfc062723c751e8b465ee728b)  -> (artifact id: '16e64095fff2095d1a7fbc79d795e8cb') in 0.094847 seconds 
========================================================================
Received Import Request.
  Time since last request: 0.000019 seconds.
  path: Assets/Shaders/LIghting/Unlit_Phong.mat
  artifactKey: Guid(10740864195a5604e99521ca6b041cbc) Importer(815301076,1909f56bfc062723c751e8b465ee728b)
Start importing Assets/Shaders/LIghting/Unlit_Phong.mat using Guid(10740864195a5604e99521ca6b041cbc) Importer(815301076,1909f56bfc062723c751e8b465ee728b)  -> (artifact id: '448b4a6037474e4dad828fd12acdfa9d') in 0.013886 seconds 
